Release 8.2.03i - xst I.34
Copyright (c) 1995-2006 Xilinx, Inc.  All rights reserved.
--> Parameter TMPDIR set to ./xst/projnav.tmp
CPU : 0.00 / 2.39 s | Elapsed : 0.00 / 2.00 s
 
--> Parameter xsthdpdir set to ./xst
CPU : 0.00 / 2.39 s | Elapsed : 0.00 / 2.00 s
 
--> Reading design: balise.prj

TABLE OF CONTENTS
  1) Synthesis Options Summary
  2) HDL Compilation
  3) Design Hierarchy Analysis
  4) HDL Analysis
  5) HDL Synthesis
     5.1) HDL Synthesis Report
  6) Advanced HDL Synthesis
     6.1) Advanced HDL Synthesis Report
  7) Low Level Synthesis
  8) Partition Report
  9) Final Report

=========================================================================
*                      Synthesis Options Summary                        *
=========================================================================
---- Source Parameters
Input File Name                    : "balise.prj"
Input Format                       : mixed
Ignore Synthesis Constraint File   : NO

---- Target Parameters
Output File Name                   : "balise"
Output Format                      : NGC
Target Device                      : XC9500 CPLDs

---- Source Options
Top Module Name                    : balise
Automatic FSM Extraction           : YES
FSM Encoding Algorithm             : Auto
Mux Extraction                     : YES
Resource Sharing                   : YES

---- Target Options
Add IO Buffers                     : YES
MACRO Preserve                     : YES
XOR Preserve                       : YES
Equivalent register Removal        : YES

---- General Options
Optimization Goal                  : Speed
Optimization Effort                : 1
Keep Hierarchy                     : YES
RTL Output                         : Yes
Hierarchy Separator                : /
Bus Delimiter                      : <>
Case Specifier                     : maintain

---- Other Options
lso                                : balise.lso
verilog2001                        : YES
safe_implementation                : No
wysiwyg                            : NO

=========================================================================


=========================================================================
*                          HDL Compilation                              *
=========================================================================
WARNING:HDLParsers:3215 - Unit work/balise is now defined in a different file: was H:/tp_numerique/balise/vhdl.vhd, now is //narrhavas/fforest/tp_numerique/balise/vhdl.vhd
WARNING:HDLParsers:3215 - Unit work/balise/test is now defined in a different file: was H:/tp_numerique/balise/vhdl.vhd, now is //narrhavas/fforest/tp_numerique/balise/vhdl.vhd
Compiling vhdl file "//narrhavas/fforest/tp_numerique/balise/vhdl.vhd" in Library work.
WARNING:HDLParsers:3530 - Time stamp of file "//narrhavas/fforest/tp_numerique/balise/vhdl.vhd" is newer than current system time.
Entity <balise> compiled.
Entity <balise> (Architecture <test>) compiled.

=========================================================================
*                     Design Hierarchy Analysis                         *
=========================================================================
Analyzing hierarchy for entity <balise> in library <work> (architecture <test>).

Building hierarchy successfully finished.

=========================================================================
*                            HDL Analysis                               *
=========================================================================
Analyzing Entity <balise> in library <work> (Architecture <test>).
Entity <balise> analyzed. Unit <balise> generated.


=========================================================================
*                           HDL Synthesis                               *
=========================================================================

Performing bidirectional port resolution...

Synthesizing Unit <balise>.
    Related source file is "//narrhavas/fforest/tp_numerique/balise/vhdl.vhd".
    Found finite state machine <FSM_0> for signal <etatP>.
    -----------------------------------------------------------------------
    | States             | 6                                              |
    | Transitions        | 6                                              |
    | Inputs             | 0                                              |
    | Outputs            | 1                                              |
    | Clock              | H (rising_edge)                                |
    | Reset              | R (positive)                                   |
    | Reset type         | asynchronous                                   |
    | Reset State        | a                                              |
    | Power Up State     | a                                              |
    | Encoding           | automatic                                      |
    | Implementation     | automatic                                      |
    -----------------------------------------------------------------------
    Summary:
	inferred   1 Finite State Machine(s).
Unit <balise> synthesized.


=========================================================================
HDL Synthesis Report

Found no macro
=========================================================================

=========================================================================
*                       Advanced HDL Synthesis                          *
=========================================================================

Analyzing FSM <FSM_0> for best encoding.
Optimizing FSM <FSM_0> on signal <etatP[1:3]> with johnson encoding.
-------------------
 State | Encoding
-------------------
 a     | 000
 b     | 001
 c     | 011
 d     | 111
 e     | 110
 f     | 100
-------------------

=========================================================================
Advanced HDL Synthesis Report

Macro Statistics
# Registers                                            : 3
 Flip-Flops                                            : 3

=========================================================================

=========================================================================
*                         Low Level Synthesis                           *
=========================================================================

Optimizing unit <balise> ...
  implementation constraint: INIT=r	 : etatP_FFd3
  implementation constraint: INIT=r	 : etatP_FFd1
  implementation constraint: INIT=r	 : etatP_FFd2

=========================================================================
*                          Partition Report                             *
=========================================================================

Partition Implementation Status
-------------------------------

  No Partitions were found in this design.

-------------------------------

=========================================================================
*                            Final Report                               *
=========================================================================
Final Results
RTL Top Level Output File Name     : balise.ngr
Top Level Output File Name         : balise
Output Format                      : NGC
Optimization Goal                  : Speed
Keep Hierarchy                     : YES
Target Technology                  : XC9500 CPLDs
Macro Preserve                     : YES
XOR Preserve                       : YES
wysiwyg                            : NO

Design Statistics
# IOs                              : 3

Cell Usage :
# BELS                             : 7
#      AND2                        : 2
#      INV                         : 3
#      OR2                         : 2
# FlipFlops/Latches                : 3
#      FDC                         : 3
# IO Buffers                       : 3
#      IBUF                        : 2
#      OBUF                        : 1
=========================================================================
CPU : 5.87 / 8.30 s | Elapsed : 6.00 / 8.00 s
 
--> 

Total memory usage is 112868 kilobytes

Number of errors   :    0 (   0 filtered)
Number of warnings :    3 (   0 filtered)
Number of infos    :    0 (   0 filtered)

